gyp info it worked if it ends with ok
gyp info using node-gyp@8.4.0
gyp info using node@17.2.0 | darwin | arm64
gyp info find Python using Python version 3.8.9 found at "/Library/Developer/CommandLineTools/usr/bin/python3"
gyp info spawn /Library/Developer/CommandLineTools/usr/bin/python3
gyp info spawn args [
gyp info spawn args   '/opt/homebrew/Cellar/node/17.2.0/libexec/lib/node_modules/npm/node_modules/node-gyp/gyp/gyp_main.py',
gyp info spawn args   'binding.gyp',
gyp info spawn args   '-f',
gyp info spawn args   'make',
gyp info spawn args   '-I',
gyp info spawn args   '/Users/kirancherukuri/Documents/verse/protocol/verse-v1-subgraph/verse-v1/node_modules/ursa-optional/build/config.gypi',
gyp info spawn args   '-I',
gyp info spawn args   '/opt/homebrew/Cellar/node/17.2.0/libexec/lib/node_modules/npm/node_modules/node-gyp/addon.gypi',
gyp info spawn args   '-I',
gyp info spawn args   '/Users/kirancherukuri/Library/Caches/node-gyp/17.2.0/include/node/common.gypi',
gyp info spawn args   '-Dlibrary=shared_library',
gyp info spawn args   '-Dvisibility=default',
gyp info spawn args   '-Dnode_root_dir=/Users/kirancherukuri/Library/Caches/node-gyp/17.2.0',
gyp info spawn args   '-Dnode_gyp_dir=/opt/homebrew/Cellar/node/17.2.0/libexec/lib/node_modules/npm/node_modules/node-gyp',
gyp info spawn args   '-Dnode_lib_file=/Users/kirancherukuri/Library/Caches/node-gyp/17.2.0/<(target_arch)/node.lib',
gyp info spawn args   '-Dmodule_root_dir=/Users/kirancherukuri/Documents/verse/protocol/verse-v1-subgraph/verse-v1/node_modules/ursa-optional',
gyp info spawn args   '-Dnode_engine=v8',
gyp info spawn args   '--depth=.',
gyp info spawn args   '--no-parallel',
gyp info spawn args   '--generator-output',
gyp info spawn args   'build',
gyp info spawn args   '-Goutput_dir=.'
gyp info spawn args ]
gyp info spawn make
gyp info spawn args [ 'BUILDTYPE=Release', '-C', 'build' ]
In file included from ../src/ursaNative.cc:3:
In file included from ../src/ursaNative.h:13:
In file included from /Users/kirancherukuri/Library/Caches/node-gyp/17.2.0/include/node/openssl/rsa.h:14:
/Users/kirancherukuri/Library/Caches/node-gyp/17.2.0/include/node/openssl/macros.h:155:4: error: "OPENSSL_API_COMPAT expresses an impossible API compatibility level"
#  error "OPENSSL_API_COMPAT expresses an impossible API compatibility level"
   ^
1 error generated.
make: *** [Release/obj.target/ursaNative/src/ursaNative.o] Error 1
gyp ERR! build error 
gyp ERR! stack Error: `make` failed with exit code: 2
gyp ERR! stack     at ChildProcess.onExit (/opt/homebrew/Cellar/node/17.2.0/libexec/lib/node_modules/npm/node_modules/node-gyp/lib/build.js:194:23)
gyp ERR! stack     at ChildProcess.emit (node:events:390:28)
gyp ERR! stack     at Process.ChildProcess._handle.onexit (node:internal/child_process:290:12)
gyp ERR! System Darwin 21.1.0
gyp ERR! command "/opt/homebrew/Cellar/node/17.2.0/bin/node" "/opt/homebrew/Cellar/node/17.2.0/libexec/lib/node_modules/npm/node_modules/node-gyp/bin/node-gyp.js" "rebuild"
gyp ERR! cwd /Users/kirancherukuri/Documents/verse/protocol/verse-v1-subgraph/verse-v1/node_modules/ursa-optional
gyp ERR! node -v v17.2.0
gyp ERR! node-gyp -v v8.4.0
gyp ERR! not ok 
error Command failed with exit code 1.
